['multithreading.py', '4FAZA.fas', '4']
removed gaps!	 filt_gaps: 0.0010941028594970703 seconds
num cpus: 4
num_jobs:  4
[816 612 408 204]
processes initialized!
processes initialized!
processes initialized!
processes initialized!
Process Process-3:
Traceback (most recent call last):
  File "/n/app/python/3.6.0/lib/python3.6/multiprocessing/process.py", line 249, in _bootstrap
    self.run()
  File "/n/app/python/3.6.0/lib/python3.6/multiprocessing/process.py", line 93, in run
    self._target(*self._args, **self._kwargs)
  File "multithreading.py", line 56, in f
    file.write(i,'\t',1/(np.sum(rncol*np.sum(msa==msa[i],axis=1,dtype=np.uint64)>=0.8,dtype=np.uint16)),'\n')
TypeError: write() takes exactly one argument (4 given)
Process Process-2:
Traceback (most recent call last):
  File "/n/app/python/3.6.0/lib/python3.6/multiprocessing/process.py", line 249, in _bootstrap
    self.run()
  File "/n/app/python/3.6.0/lib/python3.6/multiprocessing/process.py", line 93, in run
    self._target(*self._args, **self._kwargs)
  File "multithreading.py", line 56, in f
    file.write(i,'\t',1/(np.sum(rncol*np.sum(msa==msa[i],axis=1,dtype=np.uint64)>=0.8,dtype=np.uint16)),'\n')
TypeError: write() takes exactly one argument (4 given)
Process Process-1:
Traceback (most recent call last):
  File "/n/app/python/3.6.0/lib/python3.6/multiprocessing/process.py", line 249, in _bootstrap
    self.run()
  File "/n/app/python/3.6.0/lib/python3.6/multiprocessing/process.py", line 93, in run
    self._target(*self._args, **self._kwargs)
  File "multithreading.py", line 56, in f
    file.write(i,'\t',1/(np.sum(rncol*np.sum(msa==msa[i],axis=1,dtype=np.uint64)>=0.8,dtype=np.uint16)),'\n')
TypeError: write() takes exactly one argument (4 given)
Process Process-4:
Traceback (most recent call last):
  File "/n/app/python/3.6.0/lib/python3.6/multiprocessing/process.py", line 249, in _bootstrap
    self.run()
  File "/n/app/python/3.6.0/lib/python3.6/multiprocessing/process.py", line 93, in run
    self._target(*self._args, **self._kwargs)
  File "multithreading.py", line 56, in f
    file.write(i,'\t',1/(np.sum(rncol*np.sum(msa==msa[i],axis=1,dtype=np.uint64)>=0.8,dtype=np.uint16)),'\n')
TypeError: write() takes exactly one argument (4 given)
output appended!
fast pdist implementation: 0.03274393081665039 seconds
