['multithreading.py', '4FAZA.fas', '16']
removed gaps!	 filt_gaps: 0.0016016960144042969 seconds
num cpus: 16
num_jobs:  16
[816 765 714 663 612 561 510 459 408 357 306 255 204 153 102  51]
processes initialized!
processes initialized!
processes initialized!
processes initialized!
processes initialized!
processes initialized!
765 1.0
766 1.0
767 0.5
768 0.3333333333333333
769 0.5
770 1.0
771 1.0
772 1.0
773 1.0
774 1.0
775 1.0
776 1.0
777 1.0
778 1.0
779 0.5
780 0.3333333333333333
781 1.0
782 1.0
783 1.0
784 0.5
785 1.0
786 1.0
787 1.0
788 1.0
789 1.0
790 1.0
791 1.0
792 1.0
793 1.0
794 1.0
795 1.0
796 0.5
797 1.0
798 1.0
799 0.5
800 0.5
801 1.0
802 1.0
803 1.0
804 0.25
805 0.5
806 0.5
807 0.5
808 0.3333333333333333
809 0.14285714285714285
810 1.0
811 1.0
812 0.3333333333333333
813 0.3333333333333333
814 0.25
815 0.3333333333333333
816 0.16666666666666666
processes initialized!
processes initialized!
714 0.25
715 1.0
716 0.5
717 1.0
718 1.0
719 1.0
720 1.0
721 0.5
722 0.5
723 1.0
724 0.25
725 0.16666666666666666
726 0.5
727 1.0
728 0.5
729 0.16666666666666666
730 0.5
731 0.3333333333333333
732 1.0
733 0.25
734 0.25
735 0.25
736 1.0
737 0.5
738 1.0
739 0.5
740 0.5
741 0.5
742 1.0
743 1.0
744 0.5
745 1.0
746 1.0
747 1.0
748 1.0
749 1.0
750 0.25
751 1.0
752 0.3333333333333333
753 1.0
754 1.0
755 1.0
756 1.0
757 1.0
758 0.5
759 0.5
760 0.3333333333333333
761 0.5
762 1.0
763 1.0
764 1.0
processes initialized!
663 0.1
664 0.5
665 1.0
666 0.16666666666666666
667 0.25
668 0.2
669 0.2
670 0.25
671 0.16666666666666666
672 0.0625
673 0.07142857142857142
674 0.1
675 0.3333333333333333
676 0.1111111111111111
677 1.0
678 0.08333333333333333
679 0.5
680 0.07692307692307693
681 0.5
682 0.09090909090909091
683 1.0
684 0.3333333333333333
685 0.16666666666666666
686 1.0
687 0.1
688 0.25
689 0.16666666666666666
690 0.125
691 0.09090909090909091
692 0.09090909090909091
693 1.0
694 0.5
695 0.5
696 0.2
697 0.2
698 0.2
699 0.2
700 0.2
701 1.0
702 0.2
703 0.16666666666666666
704 0.2
705 0.16666666666666666
706 0.25
707 0.5
708 0.2
709 0.2
710 0.3333333333333333
711 0.3333333333333333
712 0.3333333333333333
713 0.3333333333333333
processes initialized!
612 0.5
613 0.2
614 1.0
615 0.16666666666666666
616 0.5
617 0.3333333333333333
618 0.16666666666666666
619 0.5
620 0.5
621 1.0
622 1.0
623 1.0
624 0.25
625 1.0
626 1.0
627 0.16666666666666666
628 0.09090909090909091
629 0.08333333333333333
630 0.125
631 1.0
632 0.3333333333333333
633 1.0
634 0.2
635 0.5
636 0.5
637 1.0
638 0.25
639 1.0
640 0.5
641 0.5
642 0.5
643 1.0
644 0.3333333333333333
645 0.3333333333333333
646 1.0
647 1.0
648 0.16666666666666666
649 1.0
650 0.125
651 1.0
652 1.0
653 0.3333333333333333
654 1.0
655 0.5
656 0.125
657 0.1
658 0.06666666666666667
659 0.07692307692307693
660 0.07692307692307693
661 0.06666666666666667
662 0.045454545454545456
561 0.1
562 0.07142857142857142
563 0.5
564 0.5
565 1.0
566 1.0
567 1.0
568 0.5
569 1.0
570 1.0
571 1.0
572 1.0
573 1.0
574 0.3333333333333333
575 0.5
576 0.3333333333333333
577 0.25
578 1.0
579 1.0
580 1.0
581 1.0
582 1.0
583 0.14285714285714285
584 0.07142857142857142
585 0.1
586 0.125
587 0.125
588 1.0
589 0.125
590 0.2
591 1.0
592 0.07692307692307693
593 0.16666666666666666
594 0.1111111111111111
595 0.5
596 0.1
597 1.0
598 1.0
599 0.5
600 1.0
601 1.0
602 0.3333333333333333
603 0.25
604 0.3333333333333333
605 0.25
606 1.0
607 0.16666666666666666
608 1.0
609 0.2
610 0.5
611 0.5
processes initialized!
processes initialized!
408 1.0
409 1.0
410 0.5
411 1.0
412 1.0
413 0.5
414 0.5
415 1.0
416 1.0
417 1.0
418 1.0
419 0.5
420 1.0
421 1.0
422 1.0
423 1.0
424 1.0
425 1.0
426 1.0
427 1.0
428 0.3333333333333333
429 1.0
430 1.0
431 1.0
432 1.0
433 1.0
434 0.5
435 1.0
436 0.5
437 1.0
438 1.0
439 0.2
440 0.3333333333333333
441 1.0
442 0.5
443 1.0
444 0.5
445 1.0
446 1.0
447 1.0
448 0.3333333333333333
449 0.3333333333333333
450 0.3333333333333333
451 1.0
452 1.0
453 1.0
454 1.0
455 1.0
456 1.0
457 1.0
458 1.0
processes initialized!
510 0.2
511 0.16666666666666666
512 0.25
513 0.25
514 0.2
515 0.2
516 0.2
517 0.25
518 1.0
519 1.0
520 1.0
521 0.5
522 0.5
523 1.0
524 1.0
525 0.3333333333333333
526 0.3333333333333333
527 0.3333333333333333
528 1.0
529 1.0
530 1.0
531 1.0
532 1.0
533 1.0
534 1.0
535 0.5
536 0.5
537 1.0
538 1.0
539 0.5
540 0.5
541 0.3333333333333333
542 0.08333333333333333
543 0.07142857142857142
544 0.09090909090909091
545 0.5
546 0.3333333333333333
547 0.125
548 0.07142857142857142
549 0.09090909090909091
550 0.07692307692307693
551 0.14285714285714285
552 0.5
553 0.06666666666666667
554 0.07692307692307693
555 0.0625
556 0.3333333333333333
557 0.1
558 0.125
559 0.5
560 0.06666666666666667
459 1.0
460 0.5
461 0.5
462 0.5
463 0.5
464 1.0
465 0.5
466 0.5
467 0.5
468 0.2
469 1.0
470 1.0
471 0.3333333333333333
472 0.3333333333333333
473 0.5
474 0.5
475 0.3333333333333333
476 0.5
477 0.5
478 0.3333333333333333
479 0.3333333333333333
480 0.5
481 0.2
482 1.0
483 0.5
484 0.3333333333333333
485 0.5
486 1.0
487 0.14285714285714285
488 0.1111111111111111
489 0.14285714285714285
490 0.07692307692307693
491 0.5
492 1.0
493 0.5
494 0.3333333333333333
495 0.3333333333333333
496 0.3333333333333333
497 1.0
498 0.5
499 0.5
500 0.16666666666666666
501 0.2
502 0.3333333333333333
503 0.3333333333333333
504 0.25
505 0.2
506 0.25
507 0.16666666666666666
508 0.25
509 0.5
processes initialized!
357 1.0
358 1.0
359 1.0
360 0.3333333333333333
361 0.5
362 0.2
363 0.5
364 0.2
365 0.25
366 1.0
367 1.0
368 0.2
369 0.3333333333333333
370 0.14285714285714285
371 0.3333333333333333
372 0.125
373 0.25
374 1.0
375 0.5
376 0.5
377 0.3333333333333333
378 1.0
379 1.0
380 0.3333333333333333
381 0.25
382 0.25
383 0.25
384 0.5
385 1.0
386 1.0
387 1.0
388 0.5
389 0.5
390 0.5
391 0.5
392 1.0
393 0.5
394 1.0
395 1.0
396 1.0
397 1.0
398 1.0
399 1.0
400 1.0
401 1.0
402 1.0
403 1.0
404 1.0
405 1.0
406 1.0
407 1.0
processes initialized!
processes initialized!
306 0.03571428571428571
307 0.04
308 1.0
309 1.0
310 0.5
311 0.5
312 0.3333333333333333
313 0.5
314 0.5
315 1.0
316 1.0
317 1.0
318 1.0
319 1.0
320 1.0
321 1.0
322 1.0
323 1.0
324 1.0
325 1.0
326 1.0
327 1.0
328 1.0
329 0.5
330 0.5
331 1.0
332 1.0
333 1.0
334 1.0
335 1.0
336 0.3333333333333333
337 0.3333333333333333
338 0.5
339 0.5
340 0.2
341 1.0
342 1.0
343 0.5
344 0.5
345 1.0
346 1.0
347 1.0
348 1.0
349 0.5
350 0.5
351 0.5
352 1.0
353 0.5
354 1.0
355 1.0
356 1.0
255 0.3333333333333333
256 0.3333333333333333
257 0.3333333333333333
258 1.0
259 1.0
260 1.0
261 1.0
262 1.0
263 1.0
264 1.0
265 0.125
266 0.038461538461538464
267 0.06666666666666667
268 1.0
269 1.0
270 0.07142857142857142
271 0.25
272 0.045454545454545456
273 0.09090909090909091
274 0.1111111111111111
275 0.3333333333333333
276 0.2
277 0.038461538461538464
278 0.047619047619047616
279 0.038461538461538464
280 0.07692307692307693
281 0.05555555555555555
282 0.034482758620689655
283 0.07692307692307693
284 0.07142857142857142
285 0.05555555555555555
286 0.034482758620689655
287 0.05
288 0.07142857142857142
289 0.05
290 0.3333333333333333
291 0.3333333333333333
292 0.030303030303030304
293 0.038461538461538464
294 0.03225806451612903
295 0.0625
296 0.07142857142857142
297 0.038461538461538464
298 0.0625
299 0.04
300 0.5
301 0.5
302 0.09090909090909091
303 0.125
304 0.07142857142857142
305 0.09090909090909091
204 0.3333333333333333
205 0.5
206 0.5
207 1.0
208 1.0
209 1.0
210 1.0
211 0.3333333333333333
212 1.0
213 0.3333333333333333
214 0.3333333333333333
215 1.0
216 1.0
217 1.0
218 1.0
219 1.0
220 0.5
221 0.3333333333333333
222 0.5
223 0.25
224 0.5
225 0.5
226 0.3333333333333333
227 1.0
228 0.3333333333333333
229 0.25
230 0.3333333333333333
231 0.5
232 0.25
233 0.3333333333333333
234 1.0
235 1.0
236 0.5
237 0.5
238 0.14285714285714285
239 1.0
240 0.16666666666666666
241 0.14285714285714285
242 0.125
243 1.0
244 0.14285714285714285
245 0.3333333333333333
246 0.16666666666666666
247 0.16666666666666666
248 0.5
249 0.25
250 1.0
251 1.0
252 1.0
253 1.0
254 1.0
153 1.0
154 1.0
155 0.5
156 1.0
157 0.5
158 1.0
159 1.0
160 1.0
161 0.5
162 0.5
163 1.0
164 0.125
165 0.2
166 0.16666666666666666
167 0.2
168 0.3333333333333333
169 0.2
170 1.0
171 0.5
172 0.14285714285714285
173 0.25
174 0.25
175 0.3333333333333333
176 0.16666666666666666
177 1.0
178 1.0
179 0.3333333333333333
180 0.5
181 0.5
182 1.0
183 1.0
184 1.0
185 1.0
186 0.5
187 0.5
188 0.5
189 1.0
190 1.0
191 1.0
192 1.0
193 1.0
194 1.0
195 1.0
196 1.0
197 0.5
198 0.5
199 0.3333333333333333
200 1.0
201 1.0
202 0.5
203 1.0
102 1.0
103 1.0
104 1.0
105 1.0
106 1.0
107 1.0
108 1.0
109 1.0
110 1.0
111 1.0
112 1.0
113 1.0
114 1.0
115 1.0
116 1.0
117 1.0
118 1.0
119 0.5
120 1.0
121 1.0
122 1.0
123 0.5
124 1.0
125 1.0
126 1.0
127 0.5
128 1.0
129 1.0
130 1.0
131 1.0
132 1.0
133 1.0
134 1.0
135 0.3333333333333333
136 0.3333333333333333
137 1.0
138 0.3333333333333333
139 1.0
140 1.0
141 1.0
142 1.0
143 0.25
144 0.25
145 0.25
146 0.25
147 1.0
148 1.0
149 1.0
150 1.0
151 1.0
152 1.0
0 0.09090909090909091
1 1.0
2 0.5
3 1.0
4 1.0
5 1.0
6 1.0
7 0.5
8 1.0
9 0.5
10 0.3333333333333333
11 1.0
12 1.0
13 0.5
14 1.0
15 0.5
16 1.0
17 1.0
18 0.5
19 0.5
20 1.0
21 1.0
22 0.5
23 1.0
24 0.25
25 0.5
26 0.25
27 0.1
28 0.3333333333333333
29 0.2
30 1.0
31 0.5
32 1.0
33 0.3333333333333333
34 0.25
35 0.1
36 0.08333333333333333
37 1.0
38 0.1111111111111111
39 0.1
40 0.3333333333333333
41 0.14285714285714285
42 0.1
43 0.5
44 0.09090909090909091
45 0.16666666666666666
46 1.0
47 1.0
48 1.0
49 0.14285714285714285
50 0.5
51 0.2
52 0.25
53 1.0
54 0.3333333333333333
55 1.0
56 0.3333333333333333
57 1.0
58 1.0
59 0.25
60 0.3333333333333333
61 1.0
62 1.0
63 1.0
64 1.0
65 0.5
66 1.0
67 0.5
68 1.0
69 0.5
70 1.0
71 1.0
72 1.0
73 1.0
74 1.0
75 1.0
76 1.0
77 1.0
78 1.0
79 1.0
80 1.0
81 0.5
82 0.5
83 0.5
84 1.0
85 0.5
86 0.5
87 0.5
88 0.5
89 0.25
90 0.3333333333333333
91 0.3333333333333333
92 0.5
93 1.0
94 1.0
95 0.5
96 1.0
97 1.0
98 0.5
99 1.0
100 1.0
101 1.0
output appended!
fast pdist implementation: 0.07352256774902344 seconds
slow pdist implementation: 0.07355046272277832 seconds
