['multithreading.py', 'benchmark/allpdb0777/concatenation.a2m', '16']
removed gaps!	 filt_gaps: 4.399084091186523 seconds
num cpus: 16
num_jobs:  16
[1521968 1426845 1331722 1236599 1141476 1046353  951230  856107  760984
  665861  570738  475615  380492  285369  190246   95123]
processes initialized!
processes initialized!
processes initialized!
processes initialized!
processes initialized!
processes initialized!
processes initialized!
processes initialized!
processes initialized!
processes initialized!
processes initialized!
processes initialized!
processes initialized!
processes initialized!
processes initialized!
processes initialized!
slurmstepd: error: *** JOB 48539917 ON compute-a-16-136 CANCELLED AT 2019-08-15T16:26:20 ***
