compute-e-16-237.o2.rc.hms.harvard.edu
removed gaps!	 filt_gaps: 0.0007638931274414062 seconds
num cpus: 4
[612 408 204   0]
num_jobs:  4
[816 612 408 204]
------------------------new process------------
start,end:612,817
processes initialized!
process appended!
------------------------new process------------
start,end:408,612
processes initialized!
process appended!
------------------------new process------------
start,end:204,408
processes initialized!
process appended!
------------------------new process------------
start,end:0,204
processes initialized!
process appended!
4
process started! <Process(Process-1, started)> True
process started! <Process(Process-2, started)> True
process started! <Process(Process-3, started)> True
process started! <Process(Process-4, started)> True
output appended!
done!,output dimensions: 4 
 final output [0.5, 0.2, 1.0, 0.16666666666666666, 0.5, 0.3333333333333333, 0.16666666666666666, 0.5, 0.5, 1.0, 1.0, 1.0, 0.25, 1.0, 1.0, 0.16666666666666666, 0.09090909090909091, 0.08333333333333333, 0.125, 1.0, 0.3333333333333333, 1.0, 0.2, 0.5, 0.5, 1.0, 0.25, 1.0, 0.5, 0.5, 0.5, 1.0, 0.3333333333333333, 0.3333333333333333, 1.0, 1.0, 0.16666666666666666, 1.0, 0.125, 1.0, 1.0, 0.3333333333333333, 1.0, 0.5, 0.125, 0.1, 0.06666666666666667, 0.07692307692307693, 0.07692307692307693, 0.06666666666666667, 0.045454545454545456, 0.1, 0.5, 1.0, 0.16666666666666666, 0.25, 0.2, 0.2, 0.25, 0.16666666666666666, 0.0625, 0.07142857142857142, 0.1, 0.3333333333333333, 0.1111111111111111, 1.0, 0.08333333333333333, 0.5, 0.07692307692307693, 0.5, 0.09090909090909091, 1.0, 0.3333333333333333, 0.16666666666666666, 1.0, 0.1, 0.25, 0.16666666666666666, 0.125, 0.09090909090909091, 0.09090909090909091, 1.0, 0.5, 0.5, 0.2, 0.2, 0.2, 0.2, 0.2, 1.0, 0.2, 0.16666666666666666, 0.2, 0.16666666666666666, 0.25, 0.5, 0.2, 0.2, 0.3333333333333333, 0.3333333333333333, 0.3333333333333333, 0.3333333333333333, 0.25, 1.0, 0.5, 1.0, 1.0, 1.0, 1.0, 0.5, 0.5, 1.0, 0.25, 0.16666666666666666, 0.5, 1.0, 0.5, 0.16666666666666666, 0.5, 0.3333333333333333, 1.0, 0.25, 0.25, 0.25, 1.0, 0.5, 1.0, 0.5, 0.5, 0.5, 1.0, 1.0, 0.5, 1.0, 1.0, 1.0, 1.0, 1.0, 0.25, 1.0, 0.3333333333333333, 1.0, 1.0, 1.0, 1.0, 1.0, 0.5, 0.5, 0.3333333333333333, 0.5, 1.0, 1.0, 1.0, 1.0, 1.0, 0.5, 0.3333333333333333, 0.5, 1.0, 1.0, 1.0, 1.0, 1.0, 1.0, 1.0, 1.0, 1.0, 0.5, 0.3333333333333333, 1.0, 1.0, 1.0, 0.5, 1.0, 1.0, 1.0, 1.0, 1.0, 1.0, 1.0, 1.0, 1.0, 1.0, 1.0, 0.5, 1.0, 1.0, 0.5, 0.5, 1.0, 1.0, 1.0, 0.25, 0.5, 0.5, 0.5, 0.3333333333333333, 0.14285714285714285, 1.0, 1.0, 0.3333333333333333, 0.3333333333333333, 0.25, 0.3333333333333333, 0.16666666666666666]
fast pdist implementation: 0.07056331634521484 seconds
starting pdist!
[[1. 0. 0. ... 0. 0. 0.]
 [0. 1. 0. ... 0. 0. 0.]
 [0. 0. 1. ... 0. 0. 0.]
 ...
 [0. 0. 0. ... 1. 0. 1.]
 [0. 0. 0. ... 0. 1. 1.]
 [0. 0. 0. ... 1. 1. 1.]]
slow pdist implementation: 0.045065879821777344 seconds
Traceback (most recent call last):
  File "multithreading.py", line 134, in <module>
    msa = mk_msa(seqs)
  File "multithreading.py", line 130, in mk_msa
    print('difference between pdist:{}'.format(sum(msa_weights_fast-msa_weights)))
ValueError: operands could not be broadcast together with shapes (4,) (817,) 
