compute-a-16-93.o2.rc.hms.harvard.edu
removed gaps!	 filt_gaps: 0.0009906291961669922 seconds
num cpus: 4
num_jobs:  613
start,end:0,204
processes initialized!
processes appended?
process 130059 started!
start,end:1,205
processes initialized!
processes appended?
process 130059 started!
start,end:2,206
processes initialized!
processes appended?
process 130059 started!
start,end:3,207
processes initialized!
processes appended?
process 130059 started!
start,end:4,208
processes initialized!
processes appended?
process 130059 started!
start,end:5,209
processes initialized!
processes appended?
process 130059 started!
start,end:6,210
processes initialized!
processes appended?
process 130059 started!
start,end:7,211
processes initialized!
processes appended?
process 130059 started!
start,end:8,212
processes initialized!
processes appended?
process 130059 started!
start,end:9,213
processes initialized!
processes appended?
process 130059 started!
start,end:10,214
processes initialized!
processes appended?
process 130059 started!
start,end:11,215
processes initialized!
processes appended?
process 130059 started!
start,end:12,216
processes initialized!
processes appended?
process 130059 started!
start,end:13,217
processes initialized!
processes appended?
process 130059 started!
start,end:14,218
processes initialized!
processes appended?
process 130059 started!
start,end:15,219
processes initialized!
processes appended?
process 130059 started!
start,end:16,220
processes initialized!
processes appended?
process 130059 started!
start,end:17,221
processes initialized!
processes appended?
process 130059 started!
start,end:18,222
processes initialized!
processes appended?
process 130059 started!
start,end:19,223
processes initialized!
processes appended?
process 130059 started!
start,end:20,224
processes initialized!
processes appended?
process 130059 started!
start,end:21,225
processes initialized!
processes appended?
process 130059 started!
start,end:22,226
processes initialized!
processes appended?
process 130059 started!
start,end:23,227
processes initialized!
processes appended?
process 130059 started!
start,end:24,228
processes initialized!
processes appended?
process 130059 started!
start,end:25,229
processes initialized!
processes appended?
process 130059 started!
start,end:26,230
processes initialized!
processes appended?
process 130059 started!
start,end:27,231
processes initialized!
processes appended?
process 130059 started!
start,end:28,232
processes initialized!
processes appended?
process 130059 started!
start,end:29,233
processes initialized!
processes appended?
process 130059 started!
start,end:30,234
processes initialized!
processes appended?
process 130059 started!
start,end:31,235
processes initialized!
processes appended?
process 130059 started!
start,end:32,236
processes initialized!
processes appended?
process 130059 started!
start,end:33,237
processes initialized!
processes appended?
process 130059 started!
start,end:34,238
processes initialized!
processes appended?
process 130059 started!
start,end:35,239
processes initialized!
processes appended?
process 130059 started!
start,end:36,240
processes initialized!
processes appended?
process 130059 started!
start,end:37,241
processes initialized!
processes appended?
process 130059 started!
start,end:38,242
processes initialized!
processes appended?
process 130059 started!
start,end:39,243
processes initialized!
processes appended?
process 130059 started!
start,end:40,244
processes initialized!
processes appended?
process 130059 started!
start,end:41,245
processes initialized!
processes appended?
process 130059 started!
start,end:42,246
processes initialized!
processes appended?
process 130059 started!
start,end:43,247
processes initialized!
processes appended?
process 130059 started!
start,end:44,248
processes initialized!
processes appended?
process 130059 started!
start,end:45,249
processes initialized!
processes appended?
process 130059 started!
start,end:46,250
processes initialized!
processes appended?
process 130059 started!
start,end:47,251
processes initialized!
processes appended?
process 130059 started!
start,end:48,252
processes initialized!
processes appended?
process 130059 started!
start,end:49,253
processes initialized!
processes appended?
process 130059 started!
start,end:50,254
processes initialized!
processes appended?
process 130059 started!
start,end:51,255
processes initialized!
processes appended?
process 130059 started!
start,end:52,256
processes initialized!
processes appended?
process 130059 started!
start,end:53,257
processes initialized!
processes appended?
process 130059 started!
start,end:54,258
processes initialized!
processes appended?
process 130059 started!
start,end:55,259
processes initialized!
processes appended?
process 130059 started!
start,end:56,260
processes initialized!
processes appended?
process 130059 started!
start,end:57,261
processes initialized!
processes appended?
process 130059 started!
start,end:58,262
processes initialized!
processes appended?
process 130059 started!
start,end:59,263
processes initialized!
processes appended?
process 130059 started!
start,end:60,264
processes initialized!
processes appended?
process 130059 started!
start,end:61,265
processes initialized!
processes appended?
process 130059 started!
start,end:62,266
processes initialized!
processes appended?
process 130059 started!
start,end:63,267
processes initialized!
processes appended?
process 130059 started!
start,end:64,268
processes initialized!
processes appended?
process 130059 started!
start,end:65,269
processes initialized!
processes appended?
process 130059 started!
start,end:66,270
processes initialized!
processes appended?
process 130059 started!
start,end:67,271
processes initialized!
processes appended?
process 130059 started!
start,end:68,272
processes initialized!
processes appended?
process 130059 started!
start,end:69,273
processes initialized!
processes appended?
process 130059 started!
start,end:70,274
processes initialized!
processes appended?
process 130059 started!
start,end:71,275
processes initialized!
processes appended?
process 130059 started!
start,end:72,276
processes initialized!
processes appended?
process 130059 started!
start,end:73,277
processes initialized!
processes appended?
process 130059 started!
start,end:74,278
processes initialized!
processes appended?
process 130059 started!
start,end:75,279
processes initialized!
processes appended?
process 130059 started!
start,end:76,280
processes initialized!
processes appended?
process 130059 started!
start,end:77,281
processes initialized!
processes appended?
process 130059 started!
start,end:78,282
processes initialized!
processes appended?
process 130059 started!
start,end:79,283
processes initialized!
processes appended?
process 130059 started!
start,end:80,284
processes initialized!
processes appended?
process 130059 started!
start,end:81,285
processes initialized!
processes appended?
process 130059 started!
start,end:82,286
processes initialized!
processes appended?
process 130059 started!
start,end:83,287
processes initialized!
processes appended?
process 130059 started!
start,end:84,288
processes initialized!
processes appended?
process 130059 started!
start,end:85,289
processes initialized!
processes appended?
process 130059 started!
start,end:86,290
processes initialized!
processes appended?
process 130059 started!
start,end:87,291
processes initialized!
processes appended?
process 130059 started!
start,end:88,292
processes initialized!
processes appended?
process 130059 started!
start,end:89,293
processes initialized!
processes appended?
process 130059 started!
start,end:90,294
processes initialized!
processes appended?
process 130059 started!
start,end:91,295
processes initialized!
processes appended?
process 130059 started!
start,end:92,296
processes initialized!
processes appended?
process 130059 started!
start,end:93,297
processes initialized!
processes appended?
process 130059 started!
start,end:94,298
processes initialized!
processes appended?
process 130059 started!
start,end:95,299
processes initialized!
processes appended?
process 130059 started!
start,end:96,300
processes initialized!
processes appended?
process 130059 started!
start,end:97,301
processes initialized!
processes appended?
process 130059 started!
start,end:98,302
processes initialized!
processes appended?
process 130059 started!
start,end:99,303
processes initialized!
processes appended?
process 130059 started!
start,end:100,304
processes initialized!
processes appended?
process 130059 started!
start,end:101,305
processes initialized!
processes appended?
process 130059 started!
start,end:102,306
processes initialized!
processes appended?
process 130059 started!
start,end:103,307
processes initialized!
processes appended?
process 130059 started!
start,end:104,308
processes initialized!
processes appended?
process 130059 started!
start,end:105,309
processes initialized!
processes appended?
process 130059 started!
start,end:106,310
processes initialized!
processes appended?
process 130059 started!
start,end:107,311
processes initialized!
processes appended?
process 130059 started!
start,end:108,312
processes initialized!
processes appended?
process 130059 started!
start,end:109,313
processes initialized!
processes appended?
process 130059 started!
start,end:110,314
processes initialized!
processes appended?
process 130059 started!
start,end:111,315
processes initialized!
processes appended?
process 130059 started!
start,end:112,316
processes initialized!
processes appended?
process 130059 started!
start,end:113,317
processes initialized!
processes appended?
process 130059 started!
start,end:114,318
processes initialized!
processes appended?
process 130059 started!
start,end:115,319
processes initialized!
processes appended?
process 130059 started!
start,end:116,320
processes initialized!
processes appended?
process 130059 started!
start,end:117,321
processes initialized!
processes appended?
process 130059 started!
start,end:118,322
processes initialized!
processes appended?
process 130059 started!
start,end:119,323
processes initialized!
processes appended?
process 130059 started!
start,end:120,324
processes initialized!
processes appended?
process 130059 started!
start,end:121,325
processes initialized!
processes appended?
process 130059 started!
start,end:122,326
processes initialized!
processes appended?
process 130059 started!
start,end:123,327
processes initialized!
processes appended?
process 130059 started!
start,end:124,328
processes initialized!
processes appended?
process 130059 started!
start,end:125,329
processes initialized!
processes appended?
process 130059 started!
start,end:126,330
processes initialized!
processes appended?
process 130059 started!
start,end:127,331
processes initialized!
processes appended?
process 130059 started!
start,end:128,332
processes initialized!
processes appended?
process 130059 started!
start,end:129,333
processes initialized!
processes appended?
process 130059 started!
start,end:130,334
processes initialized!
processes appended?
process 130059 started!
start,end:131,335
processes initialized!
processes appended?
process 130059 started!
start,end:132,336
processes initialized!
processes appended?
process 130059 started!
start,end:133,337
processes initialized!
processes appended?
process 130059 started!
start,end:134,338
processes initialized!
processes appended?
process 130059 started!
start,end:135,339
processes initialized!
processes appended?
process 130059 started!
start,end:136,340
processes initialized!
processes appended?
process 130059 started!
start,end:137,341
processes initialized!
processes appended?
process 130059 started!
start,end:138,342
processes initialized!
processes appended?
process 130059 started!
start,end:139,343
processes initialized!
processes appended?
process 130059 started!
start,end:140,344
processes initialized!
processes appended?
process 130059 started!
start,end:141,345
processes initialized!
processes appended?
process 130059 started!
start,end:142,346
processes initialized!
processes appended?
process 130059 started!
start,end:143,347
processes initialized!
processes appended?
process 130059 started!
start,end:144,348
processes initialized!
processes appended?
process 130059 started!
start,end:145,349
processes initialized!
processes appended?
process 130059 started!
start,end:146,350
processes initialized!
processes appended?
process 130059 started!
start,end:147,351
processes initialized!
processes appended?
process 130059 started!
start,end:148,352
processes initialized!
processes appended?
process 130059 started!
start,end:149,353
processes initialized!
processes appended?
process 130059 started!
start,end:150,354
processes initialized!
processes appended?
process 130059 started!
start,end:151,355
processes initialized!
processes appended?
process 130059 started!
start,end:152,356
processes initialized!
processes appended?
process 130059 started!
start,end:153,357
processes initialized!
processes appended?
process 130059 started!
start,end:154,358
processes initialized!
processes appended?
process 130059 started!
start,end:155,359
processes initialized!
processes appended?
process 130059 started!
start,end:156,360
processes initialized!
processes appended?
process 130059 started!
start,end:157,361
processes initialized!
processes appended?
process 130059 started!
start,end:158,362
processes initialized!
processes appended?
process 130059 started!
start,end:159,363
processes initialized!
processes appended?
process 130059 started!
start,end:160,364
processes initialized!
processes appended?
process 130059 started!
start,end:161,365
processes initialized!
processes appended?
process 130059 started!
start,end:162,366
processes initialized!
processes appended?
process 130059 started!
start,end:163,367
processes initialized!
processes appended?
process 130059 started!
start,end:164,368
processes initialized!
processes appended?
process 130059 started!
start,end:165,369
processes initialized!
processes appended?
process 130059 started!
start,end:166,370
processes initialized!
processes appended?
process 130059 started!
start,end:167,371
processes initialized!
processes appended?
process 130059 started!
start,end:168,372
processes initialized!
processes appended?
process 130059 started!
start,end:169,373
processes initialized!
processes appended?
process 130059 started!
start,end:170,374
processes initialized!
processes appended?
process 130059 started!
start,end:171,375
processes initialized!
processes appended?
process 130059 started!
start,end:172,376
processes initialized!
processes appended?
process 130059 started!
start,end:173,377
processes initialized!
processes appended?
process 130059 started!
start,end:174,378
processes initialized!
processes appended?
process 130059 started!
start,end:175,379
processes initialized!
processes appended?
process 130059 started!
start,end:176,380
processes initialized!
processes appended?
process 130059 started!
start,end:177,381
processes initialized!
processes appended?
process 130059 started!
start,end:178,382
processes initialized!
processes appended?
process 130059 started!
start,end:179,383
processes initialized!
processes appended?
process 130059 started!
start,end:180,384
processes initialized!
processes appended?
process 130059 started!
start,end:181,385
processes initialized!
processes appended?
process 130059 started!
start,end:182,386
processes initialized!
processes appended?
process 130059 started!
start,end:183,387
processes initialized!
processes appended?
process 130059 started!
start,end:184,388
processes initialized!
processes appended?
process 130059 started!
start,end:185,389
processes initialized!
processes appended?
process 130059 started!
start,end:186,390
processes initialized!
processes appended?
process 130059 started!
start,end:187,391
processes initialized!
processes appended?
process 130059 started!
start,end:188,392
processes initialized!
processes appended?
process 130059 started!
start,end:189,393
processes initialized!
processes appended?
process 130059 started!
start,end:190,394
processes initialized!
processes appended?
process 130059 started!
start,end:191,395
processes initialized!
processes appended?
process 130059 started!
start,end:192,396
processes initialized!
processes appended?
process 130059 started!
start,end:193,397
processes initialized!
processes appended?
process 130059 started!
start,end:194,398
processes initialized!
processes appended?
process 130059 started!
start,end:195,399
processes initialized!
processes appended?
process 130059 started!
start,end:196,400
processes initialized!
processes appended?
process 130059 started!
start,end:197,401
processes initialized!
processes appended?
process 130059 started!
start,end:198,402
processes initialized!
processes appended?
process 130059 started!
start,end:199,403
processes initialized!
processes appended?
process 130059 started!
start,end:200,404
processes initialized!
processes appended?
process 130059 started!
start,end:201,405
processes initialized!
processes appended?
process 130059 started!
start,end:202,406
processes initialized!
processes appended?
process 130059 started!
start,end:203,407
processes initialized!
processes appended?
process 130059 started!
start,end:204,408
processes initialized!
processes appended?
process 130059 started!
start,end:205,409
processes initialized!
processes appended?
process 130059 started!
start,end:206,410
processes initialized!
processes appended?
process 130059 started!
start,end:207,411
processes initialized!
processes appended?
process 130059 started!
start,end:208,412
processes initialized!
processes appended?
process 130059 started!
start,end:209,413
processes initialized!
processes appended?
process 130059 started!
start,end:210,414
processes initialized!
processes appended?
process 130059 started!
start,end:211,415
processes initialized!
processes appended?
process 130059 started!
start,end:212,416
processes initialized!
processes appended?
process 130059 started!
start,end:213,417
processes initialized!
processes appended?
process 130059 started!
start,end:214,418
processes initialized!
processes appended?
process 130059 started!
start,end:215,419
processes initialized!
processes appended?
process 130059 started!
start,end:216,420
processes initialized!
processes appended?
process 130059 started!
start,end:217,421
processes initialized!
processes appended?
process 130059 started!
start,end:218,422
processes initialized!
processes appended?
process 130059 started!
start,end:219,423
processes initialized!
processes appended?
process 130059 started!
start,end:220,424
processes initialized!
processes appended?
process 130059 started!
start,end:221,425
processes initialized!
processes appended?
process 130059 started!
start,end:222,426
processes initialized!
processes appended?
process 130059 started!
start,end:223,427
processes initialized!
processes appended?
process 130059 started!
start,end:224,428
processes initialized!
processes appended?
process 130059 started!
start,end:225,429
processes initialized!
processes appended?
process 130059 started!
start,end:226,430
processes initialized!
processes appended?
process 130059 started!
start,end:227,431
processes initialized!
processes appended?
process 130059 started!
start,end:228,432
processes initialized!
processes appended?
process 130059 started!
start,end:229,433
processes initialized!
processes appended?
process 130059 started!
start,end:230,434
processes initialized!
processes appended?
process 130059 started!
start,end:231,435
processes initialized!
processes appended?
process 130059 started!
start,end:232,436
processes initialized!
processes appended?
process 130059 started!
start,end:233,437
processes initialized!
processes appended?
process 130059 started!
start,end:234,438
processes initialized!
processes appended?
process 130059 started!
start,end:235,439
processes initialized!
processes appended?
process 130059 started!
start,end:236,440
processes initialized!
processes appended?
process 130059 started!
start,end:237,441
processes initialized!
processes appended?
process 130059 started!
start,end:238,442
processes initialized!
processes appended?
process 130059 started!
start,end:239,443
processes initialized!
processes appended?
process 130059 started!
start,end:240,444
processes initialized!
processes appended?
process 130059 started!
start,end:241,445
processes initialized!
processes appended?
process 130059 started!
start,end:242,446
processes initialized!
processes appended?
process 130059 started!
start,end:243,447
processes initialized!
processes appended?
process 130059 started!
start,end:244,448
processes initialized!
processes appended?
process 130059 started!
start,end:245,449
processes initialized!
processes appended?
process 130059 started!
start,end:246,450
processes initialized!
processes appended?
process 130059 started!
start,end:247,451
processes initialized!
processes appended?
process 130059 started!
start,end:248,452
processes initialized!
processes appended?
process 130059 started!
start,end:249,453
processes initialized!
processes appended?
process 130059 started!
start,end:250,454
processes initialized!
processes appended?
process 130059 started!
start,end:251,455
processes initialized!
processes appended?
process 130059 started!
start,end:252,456
processes initialized!
processes appended?
process 130059 started!
start,end:253,457
processes initialized!
processes appended?
process 130059 started!
start,end:254,458
processes initialized!
processes appended?
process 130059 started!
start,end:255,459
processes initialized!
processes appended?
process 130059 started!
start,end:256,460
processes initialized!
processes appended?
process 130059 started!
start,end:257,461
processes initialized!
processes appended?
process 130059 started!
start,end:258,462
processes initialized!
processes appended?
process 130059 started!
start,end:259,463
processes initialized!
processes appended?
process 130059 started!
start,end:260,464
processes initialized!
processes appended?
process 130059 started!
start,end:261,465
processes initialized!
processes appended?
process 130059 started!
start,end:262,466
processes initialized!
processes appended?
process 130059 started!
start,end:263,467
processes initialized!
processes appended?
process 130059 started!
start,end:264,468
processes initialized!
processes appended?
process 130059 started!
start,end:265,469
processes initialized!
processes appended?
process 130059 started!
start,end:266,470
processes initialized!
processes appended?
process 130059 started!
start,end:267,471
processes initialized!
processes appended?
process 130059 started!
start,end:268,472
processes initialized!
processes appended?
process 130059 started!
start,end:269,473
processes initialized!
processes appended?
process 130059 started!
start,end:270,474
processes initialized!
processes appended?
process 130059 started!
start,end:271,475
processes initialized!
processes appended?
process 130059 started!
start,end:272,476
processes initialized!
processes appended?
process 130059 started!
start,end:273,477
processes initialized!
processes appended?
process 130059 started!
start,end:274,478
processes initialized!
processes appended?
process 130059 started!
start,end:275,479
processes initialized!
processes appended?
process 130059 started!
start,end:276,480
processes initialized!
processes appended?
process 130059 started!
start,end:277,481
processes initialized!
processes appended?
process 130059 started!
start,end:278,482
processes initialized!
processes appended?
process 130059 started!
start,end:279,483
processes initialized!
processes appended?
process 130059 started!
start,end:280,484
processes initialized!
processes appended?
process 130059 started!
start,end:281,485
processes initialized!
processes appended?
process 130059 started!
start,end:282,486
processes initialized!
processes appended?
process 130059 started!
start,end:283,487
processes initialized!
processes appended?
process 130059 started!
start,end:284,488
processes initialized!
processes appended?
process 130059 started!
start,end:285,489
processes initialized!
processes appended?
process 130059 started!
start,end:286,490
processes initialized!
processes appended?
process 130059 started!
start,end:287,491
processes initialized!
processes appended?
process 130059 started!
start,end:288,492
processes initialized!
processes appended?
process 130059 started!
start,end:289,493
processes initialized!
processes appended?
process 130059 started!
start,end:290,494
processes initialized!
processes appended?
process 130059 started!
start,end:291,495
processes initialized!
processes appended?
process 130059 started!
start,end:292,496
processes initialized!
processes appended?
process 130059 started!
start,end:293,497
processes initialized!
processes appended?
process 130059 started!
start,end:294,498
processes initialized!
processes appended?
process 130059 started!
start,end:295,499
processes initialized!
processes appended?
process 130059 started!
start,end:296,500
processes initialized!
processes appended?
process 130059 started!
start,end:297,501
processes initialized!
processes appended?
process 130059 started!
start,end:298,502
processes initialized!
processes appended?
process 130059 started!
start,end:299,503
processes initialized!
processes appended?
process 130059 started!
start,end:300,504
processes initialized!
processes appended?
process 130059 started!
start,end:301,505
processes initialized!
processes appended?
process 130059 started!
start,end:302,506
processes initialized!
processes appended?
process 130059 started!
start,end:303,507
processes initialized!
processes appended?
process 130059 started!
start,end:304,508
processes initialized!
processes appended?
process 130059 started!
start,end:305,509
processes initialized!
processes appended?
process 130059 started!
start,end:306,510
processes initialized!
processes appended?
process 130059 started!
start,end:307,511
processes initialized!
processes appended?
process 130059 started!
start,end:308,512
processes initialized!
processes appended?
process 130059 started!
start,end:309,513
processes initialized!
processes appended?
process 130059 started!
start,end:310,514
processes initialized!
processes appended?
process 130059 started!
start,end:311,515
processes initialized!
processes appended?
process 130059 started!
start,end:312,516
processes initialized!
processes appended?
process 130059 started!
start,end:313,517
processes initialized!
processes appended?
process 130059 started!
start,end:314,518
processes initialized!
processes appended?
process 130059 started!
start,end:315,519
processes initialized!
processes appended?
process 130059 started!
start,end:316,520
processes initialized!
processes appended?
process 130059 started!
start,end:317,521
processes initialized!
processes appended?
process 130059 started!
start,end:318,522
processes initialized!
processes appended?
process 130059 started!
start,end:319,523
processes initialized!
processes appended?
process 130059 started!
start,end:320,524
processes initialized!
processes appended?
process 130059 started!
start,end:321,525
processes initialized!
processes appended?
process 130059 started!
start,end:322,526
processes initialized!
processes appended?
process 130059 started!
start,end:323,527
processes initialized!
processes appended?
process 130059 started!
start,end:324,528
processes initialized!
processes appended?
process 130059 started!
start,end:325,529
processes initialized!
processes appended?
process 130059 started!
start,end:326,530
processes initialized!
processes appended?
process 130059 started!
start,end:327,531
processes initialized!
processes appended?
process 130059 started!
start,end:328,532
processes initialized!
processes appended?
process 130059 started!
start,end:329,533
processes initialized!
processes appended?
process 130059 started!
start,end:330,534
processes initialized!
processes appended?
process 130059 started!
start,end:331,535
processes initialized!
processes appended?
process 130059 started!
start,end:332,536
processes initialized!
processes appended?
process 130059 started!
start,end:333,537
processes initialized!
processes appended?
process 130059 started!
start,end:334,538
processes initialized!
processes appended?
process 130059 started!
start,end:335,539
processes initialized!
processes appended?
process 130059 started!
start,end:336,540
processes initialized!
processes appended?
process 130059 started!
start,end:337,541
processes initialized!
processes appended?
process 130059 started!
start,end:338,542
processes initialized!
processes appended?
process 130059 started!
start,end:339,543
processes initialized!
processes appended?
process 130059 started!
start,end:340,544
processes initialized!
processes appended?
process 130059 started!
start,end:341,545
processes initialized!
processes appended?
process 130059 started!
start,end:342,546
processes initialized!
processes appended?
process 130059 started!
start,end:343,547
processes initialized!
processes appended?
process 130059 started!
start,end:344,548
processes initialized!
processes appended?
process 130059 started!
start,end:345,549
processes initialized!
processes appended?
process 130059 started!
start,end:346,550
processes initialized!
processes appended?
process 130059 started!
start,end:347,551
processes initialized!
processes appended?
process 130059 started!
start,end:348,552
processes initialized!
processes appended?
process 130059 started!
start,end:349,553
processes initialized!
processes appended?
process 130059 started!
start,end:350,554
processes initialized!
processes appended?
process 130059 started!
start,end:351,555
processes initialized!
processes appended?
process 130059 started!
start,end:352,556
processes initialized!
processes appended?
process 130059 started!
start,end:353,557
processes initialized!
processes appended?
process 130059 started!
start,end:354,558
processes initialized!
processes appended?
process 130059 started!
start,end:355,559
processes initialized!
processes appended?
process 130059 started!
start,end:356,560
processes initialized!
processes appended?
process 130059 started!
start,end:357,561
processes initialized!
processes appended?
process 130059 started!
start,end:358,562
processes initialized!
processes appended?
process 130059 started!
start,end:359,563
processes initialized!
processes appended?
process 130059 started!
start,end:360,564
processes initialized!
processes appended?
process 130059 started!
start,end:361,565
processes initialized!
processes appended?
process 130059 started!
start,end:362,566
processes initialized!
processes appended?
process 130059 started!
start,end:363,567
processes initialized!
processes appended?
process 130059 started!
start,end:364,568
processes initialized!
processes appended?
process 130059 started!
start,end:365,569
processes initialized!
processes appended?
process 130059 started!
start,end:366,570
processes initialized!
processes appended?
process 130059 started!
start,end:367,571
processes initialized!
processes appended?
process 130059 started!
start,end:368,572
processes initialized!
processes appended?
process 130059 started!
start,end:369,573
processes initialized!
processes appended?
process 130059 started!
start,end:370,574
processes initialized!
processes appended?
process 130059 started!
start,end:371,575
processes initialized!
processes appended?
process 130059 started!
start,end:372,576
processes initialized!
processes appended?
process 130059 started!
start,end:373,577
processes initialized!
processes appended?
process 130059 started!
start,end:374,578
processes initialized!
processes appended?
process 130059 started!
start,end:375,579
processes initialized!
processes appended?
process 130059 started!
start,end:376,580
processes initialized!
processes appended?
process 130059 started!
start,end:377,581
processes initialized!
processes appended?
process 130059 started!
start,end:378,582
processes initialized!
processes appended?
process 130059 started!
start,end:379,583
processes initialized!
processes appended?
process 130059 started!
start,end:380,584
processes initialized!
processes appended?
process 130059 started!
start,end:381,585
processes initialized!
processes appended?
process 130059 started!
start,end:382,586
processes initialized!
processes appended?
process 130059 started!
start,end:383,587
processes initialized!
processes appended?
process 130059 started!
start,end:384,588
processes initialized!
processes appended?
process 130059 started!
start,end:385,589
processes initialized!
processes appended?
process 130059 started!
start,end:386,590
processes initialized!
processes appended?
process 130059 started!
start,end:387,591
processes initialized!
processes appended?
process 130059 started!
start,end:388,592
processes initialized!
processes appended?
process 130059 started!
start,end:389,593
processes initialized!
processes appended?
process 130059 started!
start,end:390,594
processes initialized!
processes appended?
process 130059 started!
start,end:391,595
processes initialized!
processes appended?
process 130059 started!
start,end:392,596
processes initialized!
processes appended?
process 130059 started!
start,end:393,597
processes initialized!
processes appended?
process 130059 started!
start,end:394,598
processes initialized!
processes appended?
process 130059 started!
start,end:395,599
processes initialized!
processes appended?
process 130059 started!
start,end:396,600
processes initialized!
processes appended?
process 130059 started!
start,end:397,601
processes initialized!
processes appended?
process 130059 started!
start,end:398,602
processes initialized!
processes appended?
process 130059 started!
start,end:399,603
processes initialized!
processes appended?
process 130059 started!
start,end:400,604
processes initialized!
processes appended?
process 130059 started!
start,end:401,605
processes initialized!
processes appended?
process 130059 started!
start,end:402,606
processes initialized!
processes appended?
process 130059 started!
start,end:403,607
processes initialized!
processes appended?
process 130059 started!
start,end:404,608
processes initialized!
processes appended?
process 130059 started!
start,end:405,609
processes initialized!
processes appended?
process 130059 started!
start,end:406,610
processes initialized!
processes appended?
process 130059 started!
start,end:407,611
processes initialized!
processes appended?
process 130059 started!
start,end:408,612
processes initialized!
processes appended?
process 130059 started!
start,end:409,613
processes initialized!
processes appended?
process 130059 started!
start,end:410,614
processes initialized!
processes appended?
process 130059 started!
start,end:411,615
processes initialized!
processes appended?
process 130059 started!
start,end:412,616
processes initialized!
processes appended?
process 130059 started!
start,end:413,617
processes initialized!
processes appended?
process 130059 started!
start,end:414,618
processes initialized!
processes appended?
process 130059 started!
start,end:415,619
processes initialized!
processes appended?
process 130059 started!
start,end:416,620
processes initialized!
processes appended?
process 130059 started!
start,end:417,621
processes initialized!
processes appended?
process 130059 started!
start,end:418,622
processes initialized!
processes appended?
process 130059 started!
start,end:419,623
processes initialized!
processes appended?
process 130059 started!
start,end:420,624
processes initialized!
processes appended?
process 130059 started!
start,end:421,625
processes initialized!
processes appended?
process 130059 started!
start,end:422,626
processes initialized!
processes appended?
process 130059 started!
start,end:423,627
processes initialized!
processes appended?
process 130059 started!
start,end:424,628
processes initialized!
processes appended?
process 130059 started!
start,end:425,629
processes initialized!
processes appended?
process 130059 started!
start,end:426,630
processes initialized!
processes appended?
process 130059 started!
start,end:427,631
processes initialized!
processes appended?
process 130059 started!
start,end:428,632
processes initialized!
processes appended?
process 130059 started!
start,end:429,633
processes initialized!
processes appended?
process 130059 started!
start,end:430,634
processes initialized!
processes appended?
process 130059 started!
start,end:431,635
processes initialized!
processes appended?
process 130059 started!
start,end:432,636
processes initialized!
processes appended?
process 130059 started!
start,end:433,637
processes initialized!
processes appended?
process 130059 started!
start,end:434,638
processes initialized!
processes appended?
process 130059 started!
start,end:435,639
processes initialized!
processes appended?
process 130059 started!
start,end:436,640
processes initialized!
processes appended?
process 130059 started!
start,end:437,641
processes initialized!
processes appended?
process 130059 started!
start,end:438,642
processes initialized!
processes appended?
process 130059 started!
start,end:439,643
processes initialized!
processes appended?
process 130059 started!
start,end:440,644
processes initialized!
processes appended?
process 130059 started!
start,end:441,645
processes initialized!
processes appended?
process 130059 started!
start,end:442,646
processes initialized!
processes appended?
process 130059 started!
start,end:443,647
processes initialized!
processes appended?
process 130059 started!
start,end:444,648
processes initialized!
processes appended?
process 130059 started!
start,end:445,649
processes initialized!
processes appended?
process 130059 started!
start,end:446,650
processes initialized!
processes appended?
process 130059 started!
start,end:447,651
processes initialized!
processes appended?
process 130059 started!
start,end:448,652
processes initialized!
processes appended?
process 130059 started!
start,end:449,653
processes initialized!
processes appended?
process 130059 started!
start,end:450,654
processes initialized!
processes appended?
process 130059 started!
start,end:451,655
processes initialized!
processes appended?
process 130059 started!
start,end:452,656
processes initialized!
processes appended?
process 130059 started!
start,end:453,657
processes initialized!
processes appended?
process 130059 started!
start,end:454,658
processes initialized!
processes appended?
process 130059 started!
start,end:455,659
processes initialized!
processes appended?
process 130059 started!
start,end:456,660
processes initialized!
processes appended?
process 130059 started!
start,end:457,661
processes initialized!
processes appended?
process 130059 started!
start,end:458,662
processes initialized!
processes appended?
process 130059 started!
start,end:459,663
processes initialized!
processes appended?
process 130059 started!
start,end:460,664
processes initialized!
processes appended?
process 130059 started!
start,end:461,665
processes initialized!
processes appended?
process 130059 started!
start,end:462,666
processes initialized!
processes appended?
process 130059 started!
start,end:463,667
processes initialized!
processes appended?
process 130059 started!
start,end:464,668
processes initialized!
processes appended?
process 130059 started!
start,end:465,669
processes initialized!
processes appended?
process 130059 started!
start,end:466,670
processes initialized!
processes appended?
process 130059 started!
start,end:467,671
processes initialized!
processes appended?
process 130059 started!
start,end:468,672
processes initialized!
processes appended?
process 130059 started!
start,end:469,673
processes initialized!
processes appended?
process 130059 started!
start,end:470,674
processes initialized!
processes appended?
process 130059 started!
start,end:471,675
processes initialized!
processes appended?
process 130059 started!
start,end:472,676
processes initialized!
processes appended?
process 130059 started!
start,end:473,677
processes initialized!
processes appended?
process 130059 started!
start,end:474,678
processes initialized!
processes appended?
process 130059 started!
start,end:475,679
processes initialized!
processes appended?
process 130059 started!
start,end:476,680
processes initialized!
processes appended?
process 130059 started!
start,end:477,681
processes initialized!
processes appended?
process 130059 started!
start,end:478,682
processes initialized!
processes appended?
process 130059 started!
start,end:479,683
processes initialized!
processes appended?
process 130059 started!
start,end:480,684
processes initialized!
processes appended?
process 130059 started!
start,end:481,685
processes initialized!
processes appended?
process 130059 started!
start,end:482,686
processes initialized!
processes appended?
process 130059 started!
start,end:483,687
processes initialized!
processes appended?
process 130059 started!
start,end:484,688
processes initialized!
processes appended?
process 130059 started!
start,end:485,689
processes initialized!
processes appended?
process 130059 started!
start,end:486,690
processes initialized!
processes appended?
process 130059 started!
start,end:487,691
processes initialized!
processes appended?
process 130059 started!
start,end:488,692
processes initialized!
processes appended?
process 130059 started!
start,end:489,693
processes initialized!
processes appended?
process 130059 started!
start,end:490,694
processes initialized!
processes appended?
process 130059 started!
start,end:491,695
processes initialized!
processes appended?
process 130059 started!
start,end:492,696
processes initialized!
processes appended?
process 130059 started!
start,end:493,697
processes initialized!
processes appended?
process 130059 started!
start,end:494,698
processes initialized!
processes appended?
process 130059 started!
start,end:495,699
processes initialized!
processes appended?
process 130059 started!
start,end:496,700
processes initialized!
processes appended?
process 130059 started!
start,end:497,701
processes initialized!
processes appended?
process 130059 started!
start,end:498,702
processes initialized!
processes appended?
process 130059 started!
start,end:499,703
processes initialized!
processes appended?
process 130059 started!
start,end:500,704
processes initialized!
processes appended?
process 130059 started!
start,end:501,705
processes initialized!
processes appended?
process 130059 started!
start,end:502,706
processes initialized!
processes appended?
process 130059 started!
start,end:503,707
processes initialized!
processes appended?
process 130059 started!
start,end:504,708
processes initialized!
processes appended?
process 130059 started!
start,end:505,709
processes initialized!
processes appended?
process 130059 started!
start,end:506,710
processes initialized!
processes appended?
process 130059 started!
start,end:507,711
processes initialized!
processes appended?
process 130059 started!
start,end:508,712
processes initialized!
processes appended?
process 130059 started!
start,end:509,713
processes initialized!
processes appended?
process 130059 started!
start,end:510,714
processes initialized!
processes appended?
process 130059 started!
start,end:511,715
processes initialized!
processes appended?
process 130059 started!
start,end:512,716
processes initialized!
processes appended?
process 130059 started!
start,end:513,717
processes initialized!
processes appended?
process 130059 started!
start,end:514,718
processes initialized!
processes appended?
process 130059 started!
start,end:515,719
processes initialized!
processes appended?
process 130059 started!
start,end:516,720
processes initialized!
processes appended?
process 130059 started!
start,end:517,721
processes initialized!
processes appended?
process 130059 started!
start,end:518,722
processes initialized!
processes appended?
process 130059 started!
start,end:519,723
processes initialized!
processes appended?
process 130059 started!
start,end:520,724
processes initialized!
processes appended?
process 130059 started!
start,end:521,725
processes initialized!
processes appended?
process 130059 started!
start,end:522,726
processes initialized!
processes appended?
process 130059 started!
start,end:523,727
processes initialized!
processes appended?
process 130059 started!
start,end:524,728
processes initialized!
processes appended?
process 130059 started!
start,end:525,729
processes initialized!
processes appended?
process 130059 started!
start,end:526,730
processes initialized!
processes appended?
process 130059 started!
start,end:527,731
processes initialized!
processes appended?
process 130059 started!
start,end:528,732
processes initialized!
processes appended?
process 130059 started!
start,end:529,733
processes initialized!
processes appended?
process 130059 started!
start,end:530,734
processes initialized!
processes appended?
process 130059 started!
start,end:531,735
processes initialized!
processes appended?
process 130059 started!
start,end:532,736
processes initialized!
processes appended?
process 130059 started!
start,end:533,737
processes initialized!
processes appended?
process 130059 started!
start,end:534,738
processes initialized!
processes appended?
process 130059 started!
start,end:535,739
processes initialized!
processes appended?
process 130059 started!
start,end:536,740
processes initialized!
processes appended?
process 130059 started!
start,end:537,741
processes initialized!
processes appended?
process 130059 started!
start,end:538,742
processes initialized!
processes appended?
process 130059 started!
start,end:539,743
processes initialized!
processes appended?
process 130059 started!
start,end:540,744
processes initialized!
processes appended?
process 130059 started!
start,end:541,745
processes initialized!
processes appended?
process 130059 started!
start,end:542,746
processes initialized!
processes appended?
process 130059 started!
start,end:543,747
processes initialized!
processes appended?
process 130059 started!
start,end:544,748
processes initialized!
processes appended?
process 130059 started!
start,end:545,749
processes initialized!
processes appended?
process 130059 started!
start,end:546,750
processes initialized!
processes appended?
process 130059 started!
start,end:547,751
processes initialized!
processes appended?
process 130059 started!
start,end:548,752
processes initialized!
processes appended?
process 130059 started!
start,end:549,753
processes initialized!
processes appended?
process 130059 started!
start,end:550,754
processes initialized!
processes appended?
process 130059 started!
start,end:551,755
processes initialized!
processes appended?
process 130059 started!
start,end:552,756
processes initialized!
processes appended?
process 130059 started!
start,end:553,757
processes initialized!
processes appended?
process 130059 started!
start,end:554,758
processes initialized!
processes appended?
process 130059 started!
start,end:555,759
processes initialized!
processes appended?
process 130059 started!
start,end:556,760
processes initialized!
processes appended?
process 130059 started!
start,end:557,761
processes initialized!
processes appended?
process 130059 started!
start,end:558,762
processes initialized!
processes appended?
process 130059 started!
start,end:559,763
processes initialized!
processes appended?
process 130059 started!
start,end:560,764
processes initialized!
processes appended?
process 130059 started!
start,end:561,765
processes initialized!
processes appended?
process 130059 started!
start,end:562,766
processes initialized!
processes appended?
process 130059 started!
start,end:563,767
processes initialized!
processes appended?
process 130059 started!
start,end:564,768
processes initialized!
processes appended?
process 130059 started!
start,end:565,769
processes initialized!
processes appended?
process 130059 started!
start,end:566,770
processes initialized!
processes appended?
process 130059 started!
start,end:567,771
processes initialized!
processes appended?
process 130059 started!
start,end:568,772
processes initialized!
processes appended?
process 130059 started!
start,end:569,773
processes initialized!
processes appended?
process 130059 started!
start,end:570,774
processes initialized!
processes appended?
process 130059 started!
start,end:571,775
processes initialized!
processes appended?
process 130059 started!
start,end:572,776
processes initialized!
processes appended?
process 130059 started!
start,end:573,777
processes initialized!
processes appended?
process 130059 started!
start,end:574,778
processes initialized!
processes appended?
process 130059 started!
start,end:575,779
processes initialized!
processes appended?
process 130059 started!
start,end:576,780
processes initialized!
processes appended?
process 130059 started!
start,end:577,781
processes initialized!
processes appended?
process 130059 started!
start,end:578,782
processes initialized!
processes appended?
process 130059 started!
start,end:579,783
processes initialized!
processes appended?
process 130059 started!
start,end:580,784
processes initialized!
processes appended?
process 130059 started!
start,end:581,785
processes initialized!
processes appended?
process 130059 started!
start,end:582,786
processes initialized!
processes appended?
process 130059 started!
start,end:583,787
processes initialized!
processes appended?
process 130059 started!
start,end:584,788
processes initialized!
processes appended?
process 130059 started!
start,end:585,789
processes initialized!
processes appended?
process 130059 started!
start,end:586,790
processes initialized!
processes appended?
process 130059 started!
start,end:587,791
processes initialized!
processes appended?
process 130059 started!
start,end:588,792
processes initialized!
processes appended?
process 130059 started!
start,end:589,793
processes initialized!
processes appended?
process 130059 started!
start,end:590,794
processes initialized!
processes appended?
process 130059 started!
start,end:591,795
processes initialized!
processes appended?
process 130059 started!
start,end:592,796
processes initialized!
processes appended?
process 130059 started!
start,end:593,797
processes initialized!
processes appended?
process 130059 started!
start,end:594,798
processes initialized!
processes appended?
process 130059 started!
start,end:595,799
processes initialized!
processes appended?
process 130059 started!
start,end:596,800
processes initialized!
processes appended?
process 130059 started!
start,end:597,801
processes initialized!
processes appended?
process 130059 started!
start,end:598,802
processes initialized!
processes appended?
process 130059 started!
start,end:599,803
processes initialized!
processes appended?
process 130059 started!
start,end:600,804
processes initialized!
processes appended?
process 130059 started!
start,end:601,805
processes initialized!
processes appended?
process 130059 started!
start,end:602,806
processes initialized!
processes appended?
process 130059 started!
start,end:603,807
processes initialized!
processes appended?
process 130059 started!
start,end:604,808
processes initialized!
processes appended?
process 130059 started!
start,end:605,809
processes initialized!
processes appended?
process 130059 started!
start,end:606,810
processes initialized!
processes appended?
process 130059 started!
start,end:607,811
processes initialized!
processes appended?
process 130059 started!
start,end:608,812
processes initialized!
processes appended?
process 130059 started!
start,end:609,813
processes initialized!
processes appended?
process 130059 started!
start,end:610,814
processes initialized!
processes appended?
process 130059 started!
start,end:611,815
processes initialized!
processes appended?
process 130059 started!
start,end:612,817
processes initialized!
processes appended?
slurmstepd: error: *** JOB 48425354 ON compute-a-16-93 CANCELLED AT 2019-08-14T14:07:35 ***
